# JRE version: OpenJDK Runtime Environment Temurin-21.0.10+7 (21.0.10+7) (build 21.0.10+7-LTS)
# Java VM: OpenJDK 64-Bit Server VM Temurin-21.0.10+7 (21.0.10+7-LTS, mixed mode, sharing, tiered, compressed oops, compressed class ptrs, parallel gc, windows-amd64)
GC Precious Log:
 CardTable entry size: 512
 CPUs: 12 total, 12 available
 Memory: 7835M
 Large Page Support: Disabled
 NUMA Support: Disabled
 Compressed Oops: Enabled (32-bit)
 Alignments: Space 512K, Generation 512K, Heap 2M
 Heap Min Capacity: 100M
 Heap Initial Capacity: 100M
 Heap Max Capacity: 2G
 Pre-touch: Disabled
 Parallel Workers: 10
Heap:
 PSYoungGen      total 12800K, used 6841K [0x00000000d5580000, 0x00000000d6500000, 0x0000000100000000)
  eden space 11776K, 49% used [0x00000000d5580000,0x00000000d5b2e528,0x00000000d6100000)
  from space 1024K, 100% used [0x00000000d6180000,0x00000000d6280000,0x00000000d6280000)
  to   space 2048K, 0% used [0x00000000d6300000,0x00000000d6300000,0x00000000d6500000)
 ParOldGen       total 115712K, used 115668K [0x0000000080000000, 0x0000000087100000, 0x00000000d5580000)
  object space 115712K, 99% used [0x0000000080000000,0x00000000870f51b8,0x0000000087100000)
 Metaspace       used 78161K, committed 79872K, reserved 1179648K
  class space    used 8136K, committed 8896K, reserved 1048576K
GC Heap History (20 events):
Event: 72.363 GC heap before
{Heap before GC invocations=113 (full 3):
 PSYoungGen      total 13824K, used 13216K [0x00000000d5580000, 0x00000000d6400000, 0x0000000100000000)
  eden space 12800K, 100% used [0x00000000d5580000,0x00000000d6200000,0x00000000d6200000)
  from space 1024K, 40% used [0x00000000d6200000,0x00000000d6268020,0x00000000d6300000)
  to   space 1024K, 0% used [0x00000000d6300000,0x00000000d6300000,0x00000000d6400000)
 ParOldGen       total 109568K, used 109215K [0x0000000080000000, 0x0000000086b00000, 0x00000000d5580000)
  object space 109568K, 99% used [0x0000000080000000,0x0000000086aa7e98,0x0000000086b00000)
 Metaspace       used 72916K, committed 74432K, reserved 1179648K
  class space    used 7672K, committed 8320K, reserved 1048576K
}
Event: 72.366 GC heap after
{Heap after GC invocations=113 (full 3):
 PSYoungGen      total 12800K, used 1004K [0x00000000d5580000, 0x00000000d6600000, 0x0000000100000000)
  eden space 11776K, 0% used [0x00000000d5580000,0x00000000d5580000,0x00000000d6100000)
  from space 1024K, 98% used [0x00000000d6300000,0x00000000d63fb0b0,0x00000000d6400000)
  to   space 2048K, 0% used [0x00000000d6100000,0x00000000d6100000,0x00000000d6300000)
 ParOldGen       total 110080K, used 109980K [0x0000000080000000, 0x0000000086b80000, 0x00000000d5580000)
  object space 110080K, 99% used [0x0000000080000000,0x0000000086b67148,0x0000000086b80000)
 Metaspace       used 72916K, committed 74432K, reserved 1179648K
  class space    used 7672K, committed 8320K, reserved 1048576K
}
Event: 72.442 GC heap before
{Heap before GC invocations=114 (full 3):
 PSYoungGen      total 12800K, used 12775K [0x00000000d5580000, 0x00000000d6600000, 0x0000000100000000)
  eden space 11776K, 99% used [0x00000000d5580000,0x00000000d60fee60,0x00000000d6100000)
  from space 1024K, 98% used [0x00000000d6300000,0x00000000d63fb0b0,0x00000000d6400000)
  to   space 2048K, 0% used [0x00000000d6100000,0x00000000d6100000,0x00000000d6300000)
 ParOldGen       total 110080K, used 109980K [0x0000000080000000, 0x0000000086b80000, 0x00000000d5580000)
  object space 110080K, 99% used [0x0000000080000000,0x0000000086b67148,0x0000000086b80000)
 Metaspace       used 72931K, committed 74496K, reserved 1179648K
  class space    used 7673K, committed 8320K, reserved 1048576K
}
Event: 72.444 GC heap after
{Heap after GC invocations=114 (full 3):
 PSYoungGen      total 12288K, used 320K [0x00000000d5580000, 0x00000000d6380000, 0x0000000100000000)
  eden space 11776K, 0% used [0x00000000d5580000,0x00000000d5580000,0x00000000d6100000)
  from space 512K, 62% used [0x00000000d6100000,0x00000000d6150020,0x00000000d6180000)
  to   space 1024K, 0% used [0x00000000d6280000,0x00000000d6280000,0x00000000d6380000)
 ParOldGen       total 110592K, used 110188K [0x0000000080000000, 0x0000000086c00000, 0x00000000d5580000)
  object space 110592K, 99% used [0x0000000080000000,0x0000000086b9b168,0x0000000086c00000)
 Metaspace       used 72931K, committed 74496K, reserved 1179648K
  class space    used 7673K, committed 8320K, reserved 1048576K
}
Event: 89.328 GC heap before
{Heap before GC invocations=115 (full 3):
 PSYoungGen      total 12288K, used 12065K [0x00000000d5580000, 0x00000000d6380000, 0x0000000100000000)
  eden space 11776K, 99% used [0x00000000d5580000,0x00000000d60f8608,0x00000000d6100000)
  from space 512K, 62% used [0x00000000d6100000,0x00000000d6150020,0x00000000d6180000)
  to   space 1024K, 0% used [0x00000000d6280000,0x00000000d6280000,0x00000000d6380000)
 ParOldGen       total 110592K, used 110188K [0x0000000080000000, 0x0000000086c00000, 0x00000000d5580000)
  object space 110592K, 99% used [0x0000000080000000,0x0000000086b9b168,0x0000000086c00000)
 Metaspace       used 73257K, committed 74816K, reserved 1179648K
  class space    used 7709K, committed 8384K, reserved 1048576K
}
Event: 89.334 GC heap after
{Heap after GC invocations=115 (full 3):
 PSYoungGen      total 12288K, used 390K [0x00000000d5580000, 0x00000000d6300000, 0x0000000100000000)
  eden space 11776K, 0% used [0x00000000d5580000,0x00000000d5580000,0x00000000d6100000)
  from space 512K, 76% used [0x00000000d6280000,0x00000000d62e18a0,0x00000000d6300000)
  to   space 512K, 0% used [0x00000000d6100000,0x00000000d6100000,0x00000000d6180000)
 ParOldGen       total 110592K, used 110300K [0x0000000080000000, 0x0000000086c00000, 0x00000000d5580000)
  object space 110592K, 99% used [0x0000000080000000,0x0000000086bb7188,0x0000000086c00000)
 Metaspace       used 73257K, committed 74816K, reserved 1179648K
  class space    used 7709K, committed 8384K, reserved 1048576K
}
Event: 339.815 GC heap before
{Heap before GC invocations=116 (full 3):
 PSYoungGen      total 12288K, used 12164K [0x00000000d5580000, 0x00000000d6300000, 0x0000000100000000)
  eden space 11776K, 99% used [0x00000000d5580000,0x00000000d60ff9b8,0x00000000d6100000)
  from space 512K, 76% used [0x00000000d6280000,0x00000000d62e18a0,0x00000000d6300000)
  to   space 512K, 0% used [0x00000000d6100000,0x00000000d6100000,0x00000000d6180000)
 ParOldGen       total 110592K, used 110300K [0x0000000080000000, 0x0000000086c00000, 0x00000000d5580000)
  object space 110592K, 99% used [0x0000000080000000,0x0000000086bb7188,0x0000000086c00000)
 Metaspace       used 73793K, committed 75456K, reserved 1179648K
  class space    used 7756K, committed 8448K, reserved 1048576K
}
Event: 339.865 GC heap after
{Heap after GC invocations=116 (full 3):
 PSYoungGen      total 12288K, used 448K [0x00000000d5580000, 0x00000000d6300000, 0x0000000100000000)
  eden space 11776K, 0% used [0x00000000d5580000,0x00000000d5580000,0x00000000d6100000)
  from space 512K, 87% used [0x00000000d6100000,0x00000000d6170000,0x00000000d6180000)
  to   space 512K, 0% used [0x00000000d6280000,0x00000000d6280000,0x00000000d6300000)
 ParOldGen       total 110592K, used 110486K [0x0000000080000000, 0x0000000086c00000, 0x00000000d5580000)
  object space 110592K, 99% used [0x0000000080000000,0x0000000086be5b98,0x0000000086c00000)
 Metaspace       used 73793K, committed 75456K, reserved 1179648K
  class space    used 7756K, committed 8448K, reserved 1048576K
}
Event: 342.444 GC heap before
{Heap before GC invocations=117 (full 3):
 PSYoungGen      total 12288K, used 12224K [0x00000000d5580000, 0x00000000d6300000, 0x0000000100000000)
  eden space 11776K, 100% used [0x00000000d5580000,0x00000000d6100000,0x00000000d6100000)
  from space 512K, 87% used [0x00000000d6100000,0x00000000d6170000,0x00000000d6180000)
  to   space 512K, 0% used [0x00000000d6280000,0x00000000d6280000,0x00000000d6300000)
 ParOldGen       total 110592K, used 110486K [0x0000000080000000, 0x0000000086c00000, 0x00000000d5580000)
  object space 110592K, 99% used [0x0000000080000000,0x0000000086be5b98,0x0000000086c00000)
 Metaspace       used 74909K, committed 76608K, reserved 1179648K
  class space    used 7851K, committed 8576K, reserved 1048576K
}
Event: 342.453 GC heap after
{Heap after GC invocations=117 (full 3):
 PSYoungGen      total 12288K, used 503K [0x00000000d5580000, 0x00000000d6400000, 0x0000000100000000)
  eden space 11776K, 0% used [0x00000000d5580000,0x00000000d5580000,0x00000000d6100000)
  from space 512K, 98% used [0x00000000d6280000,0x00000000d62fdd08,0x00000000d6300000)
  to   space 1536K, 0% used [0x00000000d6100000,0x00000000d6100000,0x00000000d6280000)
 ParOldGen       total 111616K, used 111308K [0x0000000080000000, 0x0000000086d00000, 0x00000000d5580000)
  object space 111616K, 99% used [0x0000000080000000,0x0000000086cb3098,0x0000000086d00000)
 Metaspace       used 74909K, committed 76608K, reserved 1179648K
  class space    used 7851K, committed 8576K, reserved 1048576K
}
Event: 343.058 GC heap before
{Heap before GC invocations=118 (full 3):
 PSYoungGen      total 12288K, used 12279K [0x00000000d5580000, 0x00000000d6400000, 0x0000000100000000)
  eden space 11776K, 99% used [0x00000000d5580000,0x00000000d60ffff0,0x00000000d6100000)
  from space 512K, 98% used [0x00000000d6280000,0x00000000d62fdd08,0x00000000d6300000)
  to   space 1536K, 0% used [0x00000000d6100000,0x00000000d6100000,0x00000000d6280000)
 ParOldGen       total 111616K, used 111308K [0x0000000080000000, 0x0000000086d00000, 0x00000000d5580000)
  object space 111616K, 99% used [0x0000000080000000,0x0000000086cb3098,0x0000000086d00000)
 Metaspace       used 75010K, committed 76736K, reserved 1179648K
  class space    used 7854K, committed 8576K, reserved 1048576K
}
Event: 343.075 GC heap after
{Heap after GC invocations=118 (full 3):
 PSYoungGen      total 13312K, used 1535K [0x00000000d5580000, 0x00000000d6600000, 0x0000000100000000)
  eden space 11776K, 0% used [0x00000000d5580000,0x00000000d5580000,0x00000000d6100000)
  from space 1536K, 99% used [0x00000000d6100000,0x00000000d627fc98,0x00000000d6280000)
  to   space 2560K, 0% used [0x00000000d6380000,0x00000000d6380000,0x00000000d6600000)
 ParOldGen       total 112128K, used 112085K [0x0000000080000000, 0x0000000086d80000, 0x00000000d5580000)
  object space 112128K, 99% used [0x0000000080000000,0x0000000086d755f0,0x0000000086d80000)
 Metaspace       used 75010K, committed 76736K, reserved 1179648K
  class space    used 7854K, committed 8576K, reserved 1048576K
}
Event: 343.483 GC heap before
{Heap before GC invocations=119 (full 3):
 PSYoungGen      total 13312K, used 13311K [0x00000000d5580000, 0x00000000d6600000, 0x0000000100000000)
  eden space 11776K, 100% used [0x00000000d5580000,0x00000000d6100000,0x00000000d6100000)
  from space 1536K, 99% used [0x00000000d6100000,0x00000000d627fc98,0x00000000d6280000)
  to   space 2560K, 0% used [0x00000000d6380000,0x00000000d6380000,0x00000000d6600000)
 ParOldGen       total 112128K, used 112085K [0x0000000080000000, 0x0000000086d80000, 0x00000000d5580000)
  object space 112128K, 99% used [0x0000000080000000,0x0000000086d755f0,0x0000000086d80000)
 Metaspace       used 75086K, committed 76800K, reserved 1179648K
  class space    used 7854K, committed 8576K, reserved 1048576K
}
Event: 343.502 GC heap after
{Heap after GC invocations=119 (full 3):
 PSYoungGen      total 13824K, used 1815K [0x00000000d5580000, 0x00000000d6580000, 0x0000000100000000)
  eden space 11776K, 0% used [0x00000000d5580000,0x00000000d5580000,0x00000000d6100000)
  from space 2048K, 88% used [0x00000000d6380000,0x00000000d6545c00,0x00000000d6580000)
  to   space 2048K, 0% used [0x00000000d6180000,0x00000000d6180000,0x00000000d6380000)
 ParOldGen       total 113664K, used 113539K [0x0000000080000000, 0x0000000086f00000, 0x00000000d5580000)
  object space 113664K, 99% used [0x0000000080000000,0x0000000086ee0fb8,0x0000000086f00000)
 Metaspace       used 75086K, committed 76800K, reserved 1179648K
  class space    used 7854K, committed 8576K, reserved 1048576K
}
Event: 344.011 GC heap before
{Heap before GC invocations=120 (full 3):
 PSYoungGen      total 13824K, used 13591K [0x00000000d5580000, 0x00000000d6580000, 0x0000000100000000)
  eden space 11776K, 100% used [0x00000000d5580000,0x00000000d6100000,0x00000000d6100000)
  from space 2048K, 88% used [0x00000000d6380000,0x00000000d6545c00,0x00000000d6580000)
  to   space 2048K, 0% used [0x00000000d6180000,0x00000000d6180000,0x00000000d6380000)
 ParOldGen       total 113664K, used 113539K [0x0000000080000000, 0x0000000086f00000, 0x00000000d5580000)
  object space 113664K, 99% used [0x0000000080000000,0x0000000086ee0fb8,0x0000000086f00000)
 Metaspace       used 76004K, committed 77760K, reserved 1179648K
  class space    used 7952K, committed 8704K, reserved 1048576K
}
Event: 344.015 GC heap after
{Heap after GC invocations=120 (full 3):
 PSYoungGen      total 12800K, used 544K [0x00000000d5580000, 0x00000000d6400000, 0x0000000100000000)
  eden space 11776K, 0% used [0x00000000d5580000,0x00000000d5580000,0x00000000d6100000)
  from space 1024K, 53% used [0x00000000d6180000,0x00000000d6208000,0x00000000d6280000)
  to   space 1536K, 0% used [0x00000000d6280000,0x00000000d6280000,0x00000000d6400000)
 ParOldGen       total 115200K, used 114747K [0x0000000080000000, 0x0000000087080000, 0x00000000d5580000)
  object space 115200K, 99% used [0x0000000080000000,0x000000008700ec78,0x0000000087080000)
 Metaspace       used 76004K, committed 77760K, reserved 1179648K
  class space    used 7952K, committed 8704K, reserved 1048576K
}
Event: 344.268 GC heap before
{Heap before GC invocations=121 (full 3):
 PSYoungGen      total 12800K, used 12316K [0x00000000d5580000, 0x00000000d6400000, 0x0000000100000000)
  eden space 11776K, 99% used [0x00000000d5580000,0x00000000d60ff060,0x00000000d6100000)
  from space 1024K, 53% used [0x00000000d6180000,0x00000000d6208000,0x00000000d6280000)
  to   space 1536K, 0% used [0x00000000d6280000,0x00000000d6280000,0x00000000d6400000)
 ParOldGen       total 115200K, used 114747K [0x0000000080000000, 0x0000000087080000, 0x00000000d5580000)
  object space 115200K, 99% used [0x0000000080000000,0x000000008700ec78,0x0000000087080000)
 Metaspace       used 76739K, committed 78464K, reserved 1179648K
  class space    used 8022K, committed 8768K, reserved 1048576K
}
Event: 344.271 GC heap after
{Heap after GC invocations=121 (full 3):
 PSYoungGen      total 12800K, used 672K [0x00000000d5580000, 0x00000000d6380000, 0x0000000100000000)
  eden space 11776K, 0% used [0x00000000d5580000,0x00000000d5580000,0x00000000d6100000)
  from space 1024K, 65% used [0x00000000d6280000,0x00000000d6328020,0x00000000d6380000)
  to   space 1024K, 0% used [0x00000000d6180000,0x00000000d6180000,0x00000000d6280000)
 ParOldGen       total 115200K, used 115084K [0x0000000080000000, 0x0000000087080000, 0x00000000d5580000)
  object space 115200K, 99% used [0x0000000080000000,0x0000000087063198,0x0000000087080000)
 Metaspace       used 76739K, committed 78464K, reserved 1179648K
  class space    used 8022K, committed 8768K, reserved 1048576K
}
Event: 344.591 GC heap before
{Heap before GC invocations=122 (full 3):
 PSYoungGen      total 12800K, used 12448K [0x00000000d5580000, 0x00000000d6380000, 0x0000000100000000)
  eden space 11776K, 100% used [0x00000000d5580000,0x00000000d6100000,0x00000000d6100000)
  from space 1024K, 65% used [0x00000000d6280000,0x00000000d6328020,0x00000000d6380000)
  to   space 1024K, 0% used [0x00000000d6180000,0x00000000d6180000,0x00000000d6280000)
 ParOldGen       total 115200K, used 115084K [0x0000000080000000, 0x0000000087080000, 0x00000000d5580000)
  object space 115200K, 99% used [0x0000000080000000,0x0000000087063198,0x0000000087080000)
 Metaspace       used 77853K, committed 79552K, reserved 1179648K
  class space    used 8106K, committed 8832K, reserved 1048576K
}
Event: 344.594 GC heap after
{Heap after GC invocations=122 (full 3):
 PSYoungGen      total 12800K, used 1024K [0x00000000d5580000, 0x00000000d6500000, 0x0000000100000000)
  eden space 11776K, 0% used [0x00000000d5580000,0x00000000d5580000,0x00000000d6100000)
  from space 1024K, 100% used [0x00000000d6180000,0x00000000d6280000,0x00000000d6280000)
  to   space 2048K, 0% used [0x00000000d6300000,0x00000000d6300000,0x00000000d6500000)
 ParOldGen       total 115712K, used 115668K [0x0000000080000000, 0x0000000087100000, 0x00000000d5580000)
  object space 115712K, 99% used [0x0000000080000000,0x00000000870f51b8,0x0000000087100000)
 Metaspace       used 77853K, committed 79552K, reserved 1179648K
  class space    used 8106K, committed 8832K, reserved 1048576K
}

